#
# There is insufficient memory for the Java Runtime Environment to continue.
# Native memory allocation (malloc) failed to allocate 1048576 bytes for AllocateHeap
# Possible reasons:
#   The system is out of physical RAM or swap space
#   The process is running with CompressedOops enabled, and the Java Heap may be blocking the growth of the native heap
# Possible solutions:
#   Reduce memory load on the system
#   Increase physical memory or swap space
#   Check if swap backing store is full
#   Decrease Java heap size (-Xmx/-Xms)
#   Decrease number of Java threads
#   Decrease Java thread stack sizes (-Xss)
#   Set larger code cache with -XX:ReservedCodeCacheSize=
# This output file may be truncated or incomplete.
#
#  Out of Memory Error (./src/hotspot/share/memory/allocation.cpp:46), pid=7300, tid=13996
#
# JRE version:  (11.0.10) (build )
# Java VM: OpenJDK 64-Bit Server VM (11.0.10+0-b96-7249189, mixed mode, sharing, tiered, compressed oops, g1 gc, windows-amd64)
# No core dump will be written. Minidumps are not enabled by default on client versions of Windows
#

---------------  S U M M A R Y ------------

Command Line: org.jetbrains.kotlin.cli.jvm.K2JVMCompiler @A:\Android Studio\FinalProject_CRUD_MWSP\app\build\20220109_12632767863985000575.compiler.options

Host: AMD Athlon 3000G with Radeon Vega Graphics     , 4 cores, 7G,  Windows 10 , 64 bit Build 22000 (10.0.22000.318)
Time: Sun Jan  9 15:57:24 2022 SE Asia Standard Time elapsed time: 0.018292 seconds (0d 0h 0m 0s)

---------------  T H R E A D  ---------------

Current thread (0x000001fe0592e800):  JavaThread "Unknown thread" [_thread_in_vm, id=13996, stack(0x000000718cd00000,0x000000718ce00000)]

Stack: [0x000000718cd00000,0x000000718ce00000]
Native frames: (J=compiled Java code, j=interpreted, Vv=VM code, C=native code)
V  [jvm.dll+0x5ecfaa]
V  [jvm.dll+0x722bd5]
V  [jvm.dll+0x72412d]
V  [jvm.dll+0x7247e3]
V  [jvm.dll+0x242928]
V  [jvm.dll+0xb39a4]
V  [jvm.dll+0x2e08f7]
V  [jvm.dll+0x2d99fa]
V  [jvm.dll+0x701737]
V  [jvm.dll+0x702f2c]
V  [jvm.dll+0x3587d9]
V  [jvm.dll+0x6e4fae]
V  [jvm.dll+0x3c0be3]
V  [jvm.dll+0x3c2e91]
C  [jli.dll+0x5373]
C  [ucrtbase.dll+0x26c0c]
C  [KERNEL32.DLL+0x154e0]
C  [ntdll.dll+0x485b]


---------------  P R O C E S S  ---------------

Threads class SMR info:
_java_thread_list=0x000001fe037a3140, length=0, elements={
}

Java Threads: ( => current thread )

Other Threads:
  0x000001fe05946000 GCTaskThread "GC Thread#0" [stack: 0x000000718ce00000,0x000000718cf00000] [id=3772]

[error occurred during error reporting (printing all threads), id 0xc0000005, EXCEPTION_ACCESS_VIOLATION (0xc0000005) at pc=0x00007ffd78d25ec0]

VM state:not at safepoint (not fully initialized)

VM Mutex/Monitor currently owned by a thread:  ([mutex/lock_event])
[0x000001fe0592b160] Heap_lock - owner thread: 0x000001fe0592e800

Heap address: 0x0000000082000000, size: 2016 MB, Compressed Oops mode: Non-zero based: 0x0000000082000000
Narrow klass base: 0x0000000000000000, Narrow klass shift: 0

GC Heap History (0 events):
No events

Deoptimization events (0 events):
No events

Classes redefined (0 events):
No events

Internal exceptions (0 events):
No events

Events (1 events):
Event: 0.012 Loaded shared library C:\Program Files\Android\Android Studio\jre\bin\zip.dll


Dynamic libraries:
0x00007ff7a7ca0000 - 0x00007ff7a7caa000 	C:\Program Files\Android\Android Studio\jre\bin\java.exe
0x00007ffdc6e20000 - 0x00007ffdc7027000 	C:\WINDOWS\SYSTEM32\ntdll.dll
0x00007ffdc5920000 - 0x00007ffdc59dd000 	C:\WINDOWS\System32\KERNEL32.DLL
0x00007ffdc45e0000 - 0x00007ffdc4954000 	C:\WINDOWS\System32\KERNELBASE.dll
0x00007ffdc4370000 - 0x00007ffdc4481000 	C:\WINDOWS\System32\ucrtbase.dll
0x00007ffdaf420000 - 0x00007ffdaf437000 	C:\Program Files\Android\Android Studio\jre\bin\VCRUNTIME140.dll
0x00007ffdaf4a0000 - 0x00007ffdaf4b9000 	C:\Program Files\Android\Android Studio\jre\bin\jli.dll
0x00007ffdc4ff0000 - 0x00007ffdc519c000 	C:\WINDOWS\System32\USER32.dll
0x00007ffdc4530000 - 0x00007ffdc4556000 	C:\WINDOWS\System32\win32u.dll
0x00007ffdb28b0000 - 0x00007ffdb2b55000 	C:\WINDOWS\WinSxS\amd64_microsoft.windows.common-controls_6595b64144ccf1df_6.0.22000.120_none_9d947278b86cc467\COMCTL32.dll
0x00007ffdc6190000 - 0x00007ffdc6233000 	C:\WINDOWS\System32\msvcrt.dll
0x00007ffdc4fc0000 - 0x00007ffdc4fe9000 	C:\WINDOWS\System32\GDI32.dll
0x00007ffdc4960000 - 0x00007ffdc4a72000 	C:\WINDOWS\System32\gdi32full.dll
0x00007ffdc4490000 - 0x00007ffdc452d000 	C:\WINDOWS\System32\msvcp_win.dll
0x00007ffdc6d10000 - 0x00007ffdc6d41000 	C:\WINDOWS\System32\IMM32.DLL
0x00007ffd756e0000 - 0x00007ffd7577d000 	C:\Program Files\Android\Android Studio\jre\bin\msvcp140.dll
0x00007ffd78a40000 - 0x00007ffd7950f000 	C:\Program Files\Android\Android Studio\jre\bin\server\jvm.dll
0x00007ffdc5400000 - 0x00007ffdc54ac000 	C:\WINDOWS\System32\ADVAPI32.dll
0x00007ffdc6c70000 - 0x00007ffdc6d0d000 	C:\WINDOWS\System32\sechost.dll
0x00007ffdc5270000 - 0x00007ffdc5391000 	C:\WINDOWS\System32\RPCRT4.dll
0x00007ffdc6d50000 - 0x00007ffdc6d58000 	C:\WINDOWS\System32\PSAPI.DLL
0x00007ffdbf1d0000 - 0x00007ffdbf203000 	C:\WINDOWS\SYSTEM32\WINMM.dll
0x00007ffdb4d30000 - 0x00007ffdb4d39000 	C:\WINDOWS\SYSTEM32\WSOCK32.dll
0x00007ffdc6260000 - 0x00007ffdc62cf000 	C:\WINDOWS\System32\WS2_32.dll
0x00007ffdbd890000 - 0x00007ffdbd89a000 	C:\WINDOWS\SYSTEM32\VERSION.dll
0x00007ffdc3420000 - 0x00007ffdc3438000 	C:\WINDOWS\SYSTEM32\kernel.appcore.dll
0x00007ffd7bc20000 - 0x00007ffd7bc31000 	C:\Program Files\Android\Android Studio\jre\bin\verify.dll
0x00007ffdb2680000 - 0x00007ffdb28a1000 	C:\WINDOWS\SYSTEM32\DBGHELP.DLL
0x00007ffdb2580000 - 0x00007ffdb25b1000 	C:\WINDOWS\SYSTEM32\dbgcore.DLL
0x00007ffdc4560000 - 0x00007ffdc45df000 	C:\WINDOWS\System32\bcryptPrimitives.dll
0x00007ffd7bbf0000 - 0x00007ffd7bc19000 	C:\Program Files\Android\Android Studio\jre\bin\java.dll
0x00007ffd7de40000 - 0x00007ffd7de4b000 	C:\Program Files\Android\Android Studio\jre\bin\jimage.dll
0x00007ffd7bbd0000 - 0x00007ffd7bbe8000 	C:\Program Files\Android\Android Studio\jre\bin\zip.dll

dbghelp: loaded successfully - version: 4.0.5 - missing functions: none
symbol engine: initialized successfully - sym options: 0x614 - pdb path: .;C:\Program Files\Android\Android Studio\jre\bin;C:\WINDOWS\SYSTEM32;C:\WINDOWS\WinSxS\amd64_microsoft.windows.common-controls_6595b64144ccf1df_6.0.22000.120_none_9d947278b86cc467;C:\Program Files\Android\Android Studio\jre\bin\server

VM Arguments:
java_command: org.jetbrains.kotlin.cli.jvm.K2JVMCompiler @A:\Android Studio\FinalProject_CRUD_MWSP\app\build\20220109_12632767863985000575.compiler.options
java_class_path (initial): C:\Users\PC\.gradle\caches\modules-2\files-2.1\org.jetbrains.kotlin\kotlin-compiler-embeddable\1.5.20\1900e8b9aca0a9caffd45b99b36e3720a0a284f8\kotlin-compiler-embeddable-1.5.20.jar;C:\Users\PC\.gradle\caches\modules-2\files-2.1\org.jetbrains.kotlin\kotlin-reflect\1.5.20\63810951f09a27f7827977f1bc21094042a915e\kotlin-reflect-1.5.20.jar;C:\Users\PC\.gradle\caches\modules-2\files-2.1\org.jetbrains.kotlin\kotlin-stdlib\1.5.20\9de35cc611bcecec8edce1d56d8e659953806751\kotlin-stdlib-1.5.20.jar;C:\Users\PC\.gradle\caches\modules-2\files-2.1\org.jetbrains.kotlin\kotlin-script-runtime\1.5.20\4381bb58d37b84d4d1afe55ec35542dd9b77e101\kotlin-script-runtime-1.5.20.jar;C:\Users\PC\.gradle\caches\modules-2\files-2.1\org.jetbrains.kotlin\kotlin-daemon-embeddable\1.5.20\36c38cda019834dcd2959cc33a12768adcd94256\kotlin-daemon-embeddable-1.5.20.jar;C:\Users\PC\.gradle\caches\modules-2\files-2.1\org.jetbrains.intellij.deps\trove4j\1.0.20181211\216c2e14b070f334479d800987affe4054cd563f\trove4j-1.0.20181211.jar;C:\Users\PC\.gradle\caches\modules-2\files-2.1\org.jetbrains\annotations\13.0\919f0dfe192fb4e063e7dacadee7f8bb9a2672a9\annotations-13.0.jar;C:\Users\PC\.gradle\caches\modules-2\files-2.1\org.jetbrains.kotlin\kotlin-stdlib-common\1.5.20\3d79dbd48bf605f4aac1e7028981a1953e245cbb\kotlin-stdlib-common-1.5.20.jar
Launcher Type: SUN_STANDARD

[Global flags]
     intx CICompilerCount                          = 3                                         {product} {ergonomic}
     uint ConcGCThreads                            = 1                                         {product} {ergonomic}
     uint G1ConcRefinementThreads                  = 4                                         {product} {ergonomic}
   size_t G1HeapRegionSize                         = 1048576                                   {product} {ergonomic}
    uintx GCDrainStackTargetSize                   = 64                                        {product} {ergonomic}
   size_t InitialHeapSize                          = 132120576                                 {product} {ergonomic}
   size_t MarkStackSize                            = 4194304                                   {product} {ergonomic}
   size_t MaxHeapSize                              = 2113929216                                {product} {ergonomic}
   size_t MinHeapDeltaBytes                        = 1048576                                   {product} {ergonomic}
    uintx NonNMethodCodeHeapSize                   = 5830732                                {pd product} {ergonomic}
    uintx NonProfiledCodeHeapSize                  = 122913754                              {pd product} {ergonomic}
    uintx ProfiledCodeHeapSize                     = 122913754                              {pd product} {ergonomic}
    uintx ReservedCodeCacheSize                    = 251658240                              {pd product} {ergonomic}
     bool SegmentedCodeCache                       = true                                      {product} {ergonomic}
     bool UseCompressedClassPointers               = true                                 {lp64_product} {ergonomic}
     bool UseCompressedOops                        = true                                 {lp64_product} {ergonomic}
     bool UseG1GC                                  = true                                      {product} {ergonomic}
     bool UseLargePagesIndividualAllocation        = false                                  {pd product} {ergonomic}

Logging:
Log output configuration:
 #0: stdout all=warning uptime,level,tags
 #1: stderr all=off uptime,level,tags

Environment Variables:
JAVA_HOME=C:\Program Files\Java\jdk-15.0.2
PATH=C:\Program Files (x86)\Common Files\Intel\Shared Libraries\redist\intel64_win\compiler;C:\ProgramData\Oracle\Java\javapath;C:\Program Files\Common Files\Oracle\Java\javapath;C:\Program Files (x86)\Common Files\Oracle\Java\javapath;C:\Program Files (x86)\Common Files\Intel\Shared Files\cpp\bin\Intel64;C:\WINDOWS\system32;C:\WINDOWS;C:\WINDOWS\System32\Wbem;C:\WINDOWS\System32\WindowsPowerShell\v1.0\;C:\WINDOWS\System32\OpenSSH\;C:\Program Files\Java\jdk-15.0.2\bin;C:\Program Files\dotnet\;C:\Program Files\Git\cmd;C:\xampp\php;C:\Users\PC\AppData\Local\Programs\Python\Python310\Scripts\;C:\Users\PC\AppData\Local\Programs\Python\Python310\;C:\Users\PC\AppData\Local\Microsoft\WindowsApps;C:\Users\PC\AppData\Local\GitHubDesktop\bin;A:\DATA APP\Microsoft VS Code\bin;
USERNAME=Conception Studio
OS=Windows_NT
PROCESSOR_IDENTIFIER=AMD64 Family 23 Model 24 Stepping 1, AuthenticAMD



---------------  S Y S T E M  ---------------

OS: Windows 10 , 64 bit Build 22000 (10.0.22000.318)
OS uptime: 0 days 4:10 hours

CPU:total 4 (initial active 4) (4 cores per cpu, 2 threads per core) family 23 model 24 stepping 1 microcode 0x0, cmov, cx8, fxsr, mmx, sse, sse2, sse3, ssse3, sse4.1, sse4.2, popcnt, avx, avx2, aes, clmul, mmxext, 3dnowpref, lzcnt, sse4a, ht, tsc, tscinvbit, tscinv, bmi1, bmi2, adx, s

Memory: 4k page, system-wide physical 8059M (346M free)
TotalPageFile size 16251M (AvailPageFile size 4M)
current process WorkingSet (physical memory assigned to process): 10M, peak: 10M
current process commit charge ("private bytes"): 50M, peak: 51M

vm_info: OpenJDK 64-Bit Server VM (11.0.10+0-b96-7249189) for windows-amd64 JRE (11.0.10+0-b96-7249189), built on Mar 31 2021 21:44:00 by "builder" with MS VC++ 14.0 (VS2015)

END.
